<?xml version="1.0" encoding="UTF-8"?>
<testng-results skipped="0" failed="0" ignored="0" total="1" passed="1">
  <reporter-output>
    <line>
      <![CDATA[Successfully entered username into textField]]>
    </line>
    <line>
      <![CDATA[Successfully entered password into textField]]>
    </line>
  </reporter-output>
  <suite name="Default suite" duration-ms="28102" started-at="2021-09-15T10:19:04 IST" finished-at="2021-09-15T10:19:32 IST">
    <groups>
    </groups>
    <test name="Default test" duration-ms="28102" started-at="2021-09-15T10:19:04 IST" finished-at="2021-09-15T10:19:32 IST">
      <class name="leave.TC13_Test">
        <test-method status="PASS" signature="preCondition()[pri:0, instance:leave.TC13_Test@63440df3]" name="preCondition" is-config="true" duration-ms="3519" started-at="2021-09-15T10:19:04 IST" finished-at="2021-09-15T10:19:07 IST">
          <reporter-output>
          </reporter-output>
        </test-method> <!-- preCondition -->
        <test-method status="PASS" signature="loginCredentials()[pri:0, instance:leave.TC13_Test@63440df3]" name="loginCredentials" is-config="true" duration-ms="12671" started-at="2021-09-15T10:19:08 IST" finished-at="2021-09-15T10:19:20 IST">
          <reporter-output>
            <line>
              <![CDATA[Successfully entered username into textField]]>
            </line>
            <line>
              <![CDATA[Successfully entered password into textField]]>
            </line>
          </reporter-output>
        </test-method> <!-- loginCredentials -->
        <test-method status="PASS" signature="leave()[pri:0, instance:leave.TC13_Test@63440df3]" name="leave" duration-ms="11839" started-at="2021-09-15T10:19:20 IST" finished-at="2021-09-15T10:19:32 IST">
          <reporter-output>
          </reporter-output>
        </test-method> <!-- leave -->
        <test-method status="PASS" signature="logout()[pri:0, instance:leave.TC13_Test@63440df3]" name="logout" is-config="true" duration-ms="0" started-at="2021-09-15T10:19:32 IST" finished-at="2021-09-15T10:19:32 IST">
          <reporter-output>
          </reporter-output>
        </test-method> <!-- logout -->
      </class> <!-- leave.TC13_Test -->
    </test> <!-- Default test -->
  </suite> <!-- Default suite -->
</testng-results>
